[INFO] Scanning for projects...
[INFO]
[INFO] ------------------< com.clearfolio:clearfolio-viewer >------------------
[INFO] Building Clearfolio Viewer 0.1.0
[INFO]   from pom.xml
[INFO] --------------------------------[ jar ]---------------------------------
[INFO]
[INFO] --- resources:3.3.1:resources (default-resources) @ clearfolio-viewer ---
[INFO] Copying 2 resources from src/main/resources to target/classes
[INFO] Copying 3 resources from src/main/resources to target/classes
[INFO]
[INFO] --- compiler:3.14.0:compile (default-compile) @ clearfolio-viewer ---
[INFO] Recompiling the module because of changed source code.
[INFO] Compiling 53 source files with javac [debug deprecation parameters release 21] to target/classes
[INFO] ------------------------------------------------------------------------
[INFO] BUILD SUCCESS
[INFO] ------------------------------------------------------------------------
[INFO] Total time:  2.658 s
[INFO] Finished at: 2026-07-03T06:45:45+09:00
[INFO] ------------------------------------------------------------------------
