

┌─────────────┐
│ Scan Status │
└─────────────┘
  Scanning 50 files tracked by git with 60 Code rules:
  Scanning 50 files with 60 java rules.


┌──────────────┐
│ Scan Summary │
└──────────────┘
✅ Scan completed successfully.
 • Findings: 0 (0 blocking)
 • Rules run: 60
 • Targets scanned: 50
 • Parsed lines: ~100.0%
 • Scan skipped:
   ◦ Files matching .semgrepignore patterns: 31
 • Scan was limited to files tracked by git
 • For a detailed list of skipped files and lines, run semgrep with the --verbose flag
Ran 60 rules on 50 files: 0 findings.
(need more rules? `semgrep login` for additional free Semgrep Registry rules)

If Semgrep missed a finding, please send us feedback to let us know!
See https://semgrep.dev/docs/reporting-false-negatives/
